<?xml version="1.0" encoding="UTF-8"?>
<!-- Generated by org.testng.reporters.JUnitXMLReporter -->
<testsuite ignored="0" hostname="DESKTOP-MG9B9KT" failures="0" tests="11" name="Default test" time="198.951" errors="0" timestamp="2021-11-22T15:44:32 IST">
  <testcase classname="com.mindtree.runner.GiftRunner" name="validateTitle" time="0.379"/>
  <testcase classname="com.mindtree.runner.GiftRunner" name="LogIn" time="13.557"/>
  <testcase classname="com.mindtree.runner.GiftRunner" name="PersonalizeGift" time="20.12"/>
  <testcase classname="com.mindtree.runner.GiftRunner" name="Secretsanta" time="14.747"/>
  <testcase classname="com.mindtree.runner.GiftRunner" name="corpDetailSubmit" time="17.228"/>
  <testcase classname="com.mindtree.runner.GiftRunner" name="Gifts" time="25.617"/>
  <testcase classname="com.mindtree.runner.GiftRunner" name="WhtsNewGift" time="14.004"/>
  <testcase classname="com.mindtree.runner.GiftRunner" name="Diwaligift" time="17.428"/>
  <testcase classname="com.mindtree.runner.GiftRunner" name="NewYear" time="20.551"/>
  <testcase classname="com.mindtree.runner.GiftRunner" name="Rakhi" time="19.76"/>
  <testcase classname="com.mindtree.runner.GiftRunner" name="homestyle" time="25.455"/>
</testsuite> <!-- Default test -->
