<?xml version="1.0" encoding="UTF-8"?>
<testng-results ignored="0" total="11" passed="11" failed="0" skipped="0">
  <reporter-output>
  </reporter-output>
  <suite started-at="2021-11-22T15:50:36 IST" name="Suite" finished-at="2021-11-22T15:53:52 IST" duration-ms="196772">
    <groups>
    </groups>
    <test started-at="2021-11-22T15:50:36 IST" name="Test" finished-at="2021-11-22T15:53:52 IST" duration-ms="196772">
      <class name="com.mindtree.runner.GiftRunner">
        <test-method is-config="true" signature="initializeDriver()[pri:0, instance:com.mindtree.runner.GiftRunner@1199fe66]" started-at="2021-11-22T15:50:36 IST" name="initializeDriver" finished-at="2021-11-22T15:50:43 IST" duration-ms="7067" status="PASS">
          <reporter-output>
          </reporter-output>
        </test-method> <!-- initializeDriver -->
        <test-method signature="validateTitle(java.lang.String)[pri:1, instance:com.mindtree.runner.GiftRunner@1199fe66]" started-at="2021-11-22T15:50:43 IST" name="validateTitle" data-provider="getTitle" finished-at="2021-11-22T15:50:43 IST" duration-ms="394" status="PASS">
          <params>
            <param index="0">
              <value>
                <![CDATA[Gifts Online - Send Unique, Unusual Gifts in India, Buy Gifts– Bigsmall.in]]>
              </value>
            </param>
          </params>
          <reporter-output>
          </reporter-output>
        </test-method> <!-- validateTitle -->
        <test-method signature="LogIn(java.lang.String, java.lang.String)[pri:2, instance:com.mindtree.runner.GiftRunner@1199fe66]" started-at="2021-11-22T15:50:43 IST" name="LogIn" data-provider="getData" finished-at="2021-11-22T15:51:00 IST" duration-ms="17067" status="PASS">
          <params>
            <param index="0">
              <value>
                <![CDATA[motog05052000@gmail.com]]>
              </value>
            </param>
            <param index="1">
              <value>
                <![CDATA[123456789]]>
              </value>
            </param>
          </params>
          <reporter-output>
          </reporter-output>
        </test-method> <!-- LogIn -->
        <test-method signature="PersonalizeGift(java.lang.String)[pri:3, instance:com.mindtree.runner.GiftRunner@1199fe66]" started-at="2021-11-22T15:51:00 IST" name="PersonalizeGift" data-provider="getPerData" finished-at="2021-11-22T15:51:21 IST" duration-ms="20683" status="PASS">
          <params>
            <param index="0">
              <value>
                <![CDATA[1]]>
              </value>
            </param>
          </params>
          <reporter-output>
          </reporter-output>
        </test-method> <!-- PersonalizeGift -->
        <test-method signature="Secretsanta()[pri:6, instance:com.mindtree.runner.GiftRunner@1199fe66]" started-at="2021-11-22T15:51:21 IST" name="Secretsanta" finished-at="2021-11-22T15:51:36 IST" duration-ms="14997" status="PASS">
          <reporter-output>
          </reporter-output>
        </test-method> <!-- Secretsanta -->
        <test-method signature="corpDetailSubmit(java.lang.String, java.lang.String, java.lang.String)[pri:7, instance:com.mindtree.runner.GiftRunner@1199fe66]" started-at="2021-11-22T15:51:36 IST" name="corpDetailSubmit" data-provider="getCorpData" finished-at="2021-11-22T15:51:52 IST" duration-ms="16219" status="PASS">
          <params>
            <param index="0">
              <value>
                <![CDATA[Misbah]]>
              </value>
            </param>
            <param index="1">
              <value>
                <![CDATA[dummy@gmail.com]]>
              </value>
            </param>
            <param index="2">
              <value>
                <![CDATA[7207786956]]>
              </value>
            </param>
          </params>
          <reporter-output>
          </reporter-output>
        </test-method> <!-- corpDetailSubmit -->
        <test-method signature="Gifts(java.lang.String, java.lang.String, java.lang.String)[pri:8, instance:com.mindtree.runner.GiftRunner@1199fe66]" started-at="2021-11-22T15:51:52 IST" name="Gifts" data-provider="getGiftData" finished-at="2021-11-22T15:52:18 IST" duration-ms="25603" status="PASS">
          <params>
            <param index="0">
              <value>
                <![CDATA[Gifts For Girls]]>
              </value>
            </param>
            <param index="1">
              <value>
                <![CDATA[3]]>
              </value>
            </param>
            <param index="2">
              <value>
                <![CDATA[Magical Rainbow Rug]]>
              </value>
            </param>
          </params>
          <reporter-output>
          </reporter-output>
        </test-method> <!-- Gifts -->
        <test-method signature="WhtsNewGift(java.lang.String, java.lang.String)[pri:9, instance:com.mindtree.runner.GiftRunner@1199fe66]" started-at="2021-11-22T15:52:18 IST" name="WhtsNewGift" data-provider="getWhtData" finished-at="2021-11-22T15:52:32 IST" duration-ms="14174" status="PASS">
          <params>
            <param index="0">
              <value>
                <![CDATA[3]]>
              </value>
            </param>
            <param index="1">
              <value>
                <![CDATA[Stainless Steel Bamboo Bottle]]>
              </value>
            </param>
          </params>
          <reporter-output>
          </reporter-output>
        </test-method> <!-- WhtsNewGift -->
        <test-method signature="Diwaligift(java.lang.String, java.lang.String)[pri:10, instance:com.mindtree.runner.GiftRunner@1199fe66]" started-at="2021-11-22T15:52:32 IST" name="Diwaligift" data-provider="getdiwaliData" finished-at="2021-11-22T15:52:48 IST" duration-ms="15871" status="PASS">
          <params>
            <param index="0">
              <value>
                <![CDATA[2]]>
              </value>
            </param>
            <param index="1">
              <value>
                <![CDATA[Handmade Fish Platter]]>
              </value>
            </param>
          </params>
          <reporter-output>
          </reporter-output>
        </test-method> <!-- Diwaligift -->
        <test-method signature="NewYear(java.lang.String, java.lang.String)[pri:11, instance:com.mindtree.runner.GiftRunner@1199fe66]" started-at="2021-11-22T15:52:48 IST" name="NewYear" data-provider="getnewyearData" finished-at="2021-11-22T15:53:08 IST" duration-ms="20633" status="PASS">
          <params>
            <param index="0">
              <value>
                <![CDATA[4]]>
              </value>
            </param>
            <param index="1">
              <value>
                <![CDATA[Vintage Coffee Grinder]]>
              </value>
            </param>
          </params>
          <reporter-output>
          </reporter-output>
        </test-method> <!-- NewYear -->
        <test-method signature="Rakhi(java.lang.String, java.lang.String)[pri:12, instance:com.mindtree.runner.GiftRunner@1199fe66]" started-at="2021-11-22T15:53:08 IST" name="Rakhi" data-provider="getrakhiData" finished-at="2021-11-22T15:53:27 IST" duration-ms="18720" status="PASS">
          <params>
            <param index="0">
              <value>
                <![CDATA[2]]>
              </value>
            </param>
            <param index="1">
              <value>
                <![CDATA[Mask Bandhan Rakhi]]>
              </value>
            </param>
          </params>
          <reporter-output>
          </reporter-output>
        </test-method> <!-- Rakhi -->
        <test-method signature="homestyle(java.lang.String, java.lang.String, java.lang.String)[pri:13, instance:com.mindtree.runner.GiftRunner@1199fe66]" started-at="2021-11-22T15:53:27 IST" name="homestyle" data-provider="getHomelifestyleData" finished-at="2021-11-22T15:53:52 IST" duration-ms="25104" status="PASS">
          <params>
            <param index="0">
              <value>
                <![CDATA[Lamps]]>
              </value>
            </param>
            <param index="1">
              <value>
                <![CDATA[5]]>
              </value>
            </param>
            <param index="2">
              <value>
                <![CDATA[Wooden LED Love Lamp]]>
              </value>
            </param>
          </params>
          <reporter-output>
          </reporter-output>
        </test-method> <!-- homestyle -->
        <test-method is-config="true" signature="close()[pri:0, instance:com.mindtree.runner.GiftRunner@1199fe66]" started-at="2021-11-22T15:53:52 IST" name="close" finished-at="2021-11-22T15:53:52 IST" duration-ms="157" status="PASS">
          <reporter-output>
          </reporter-output>
        </test-method> <!-- close -->
      </class> <!-- com.mindtree.runner.GiftRunner -->
    </test> <!-- Test -->
  </suite> <!-- Suite -->
</testng-results>
