<?xml version="1.0" encoding="UTF-8"?>
<testsuite xmlns:xsi="http://www.w3.org/2001/XMLSchema-instance" xsi:noNamespaceSchemaLocation="https://maven.apache.org/surefire/maven-surefire-plugin/xsd/surefire-test-report-3.0.xsd" version="3.0" name="TestSuite" time="198.278" tests="11" errors="0" skipped="0" failures="0">
  <properties>
[...]
</properties>
  <testcase name="validateTitle[Gifts Online - Send Unique, Unusual Gifts in India, Buy Gifts– Bigsmall.in](1)" classname="com.mindtree.runner.GiftRunner" time="0.368">
    <system-out><![CDATA[{homestyle type=Lamps, homestyle quantity=5, homestyle item=Wooden LED Love Lamp, pw=123456789, gifts type=Gifts For Girls, rakhi gift quantity=2, rakhi gift name=Mask Bandhan Rakhi, diwali gift name=Handmade Fish Platter, corporate Name=Misbah, corporate phn=7207786956, what's new gift quantity=3, newyear gift name=Vintage Coffee Grinder, gifts items=Magical Rainbow Rug, what's new gift name=Stainless Steel Bamboo Bottle, corporate Email=dummy@gmail.com, id=motog05052000@gmail.com, newyear gift quantity=4, gifts quantity=3, diwali gift quantity=2}
11-22-2021 15:50:42 ExtentLogUtilities.java DEBUG [main] runner.GiftRunner 14 - URL Opened
11-22-2021 15:50:42 _Log4jLoggerFactory.java DEBUG [main] freemarker.cache 45 - Couldn't find template in cache for "Extent.ftl"("en_US", UTF-8, parsed); will try to load it.
11-22-2021 15:50:42 _Log4jLoggerFactory.java DEBUG [main] freemarker.cache 45 - TemplateLoader.findTemplateSource("Extent_en_US.ftl"): Not found
11-22-2021 15:50:42 _Log4jLoggerFactory.java DEBUG [main] freemarker.cache 45 - TemplateLoader.findTemplateSource("Extent_en.ftl"): Not found
11-22-2021 15:50:42 _Log4jLoggerFactory.java DEBUG [main] freemarker.cache 45 - TemplateLoader.findTemplateSource("Extent.ftl"): Found
11-22-2021 15:50:42 _Log4jLoggerFactory.java DEBUG [main] freemarker.cache 45 - Loading template for "Extent.ftl"("en_US", UTF-8, parsed) from "jar:file:/C:/Users/Misbah/.m2/repository/com/relevantcodes/extentreports/2.41.2/extentreports-2.41.2.jar!/com/relevantcodes/extentreports/view/Extent.ftl"
11-22-2021 15:50:43 ExtentLogUtilities.java DEBUG [main] runner.GiftRunner 14 - Page opend with title Gifts Online - Send Unique, Unusual Gifts in India, Buy Gifts– Bigsmall.in
11-22-2021 15:50:43 _Log4jLoggerFactory.java DEBUG [main] freemarker.cache 45 - Couldn't find template in cache for "Extent.ftl"("en_US", UTF-8, parsed); will try to load it.
11-22-2021 15:50:43 _Log4jLoggerFactory.java DEBUG [main] freemarker.cache 45 - TemplateLoader.findTemplateSource("Extent_en_US.ftl"): Not found
11-22-2021 15:50:43 _Log4jLoggerFactory.java DEBUG [main] freemarker.cache 45 - TemplateLoader.findTemplateSource("Extent_en.ftl"): Not found
11-22-2021 15:50:43 _Log4jLoggerFactory.java DEBUG [main] freemarker.cache 45 - TemplateLoader.findTemplateSource("Extent.ftl"): Found
11-22-2021 15:50:43 _Log4jLoggerFactory.java DEBUG [main] freemarker.cache 45 - Loading template for "Extent.ftl"("en_US", UTF-8, parsed) from "jar:file:/C:/Users/Misbah/.m2/repository/com/relevantcodes/extentreports/2.41.2/extentreports-2.41.2.jar!/com/relevantcodes/extentreports/view/Extent.ftl"
]]></system-out>
    <system-err><![CDATA[log4j:WARN No such property [maxBackupIndex] in com.mindtree.utilities.Log.
log4j:WARN No such property [maxFileSize] in com.mindtree.utilities.Log.
Starting ChromeDriver 96.0.4664.45 (76e4c1bb2ab4671b8beba3444e61c0f17584b2fc-refs/branch-heads/4664@{#947}) on port 31203
Only local connections are allowed.
Please see https://chromedriver.chromium.org/security-considerations for suggestions on keeping ChromeDriver safe.
ChromeDriver was started successfully.
Nov 22, 2021 3:50:38 PM org.openqa.selenium.remote.ProtocolHandshake createSession
INFO: Detected dialect: W3C
]]></system-err>
  </testcase>
  <testcase name="LogIn[motog05052000@gmail.com, 123456789](1)" classname="com.mindtree.runner.GiftRunner" time="17.088">
    <system-out><![CDATA[11-22-2021 15:50:45 ExtentLogUtilities.java DEBUG [main] runner.GiftRunner 14 - Log In Button is clicked in page Home Page
11-22-2021 15:50:50 ExtentLogUtilities.java DEBUG [main] runner.GiftRunner 14 - Email field is send in page Account Log in
11-22-2021 15:50:51 ExtentLogUtilities.java DEBUG [main] runner.GiftRunner 14 - password field is send in page Account Log in
11-22-2021 15:50:51 ExtentLogUtilities.java DEBUG [main] runner.GiftRunner 14 - sign in button is clicked in page Account Log in
11-22-2021 15:50:51 ExtentLogUtilities.java DEBUG [main] runner.GiftRunner 14 - Successfully logged in
11-22-2021 15:50:58 ExtentLogUtilities.java DEBUG [main] runner.GiftRunner 14 - Bigsmall pic is clicked in page Log in page
11-22-2021 15:51:00 _Log4jLoggerFactory.java DEBUG [main] freemarker.cache 45 - Couldn't find template in cache for "Extent.ftl"("en_US", UTF-8, parsed); will try to load it.
11-22-2021 15:51:00 _Log4jLoggerFactory.java DEBUG [main] freemarker.cache 45 - TemplateLoader.findTemplateSource("Extent_en_US.ftl"): Not found
11-22-2021 15:51:00 _Log4jLoggerFactory.java DEBUG [main] freemarker.cache 45 - TemplateLoader.findTemplateSource("Extent_en.ftl"): Not found
11-22-2021 15:51:00 _Log4jLoggerFactory.java DEBUG [main] freemarker.cache 45 - TemplateLoader.findTemplateSource("Extent.ftl"): Found
11-22-2021 15:51:00 _Log4jLoggerFactory.java DEBUG [main] freemarker.cache 45 - Loading template for "Extent.ftl"("en_US", UTF-8, parsed) from "jar:file:/C:/Users/Misbah/.m2/repository/com/relevantcodes/extentreports/2.41.2/extentreports-2.41.2.jar!/com/relevantcodes/extentreports/view/Extent.ftl"
]]></system-out>
  </testcase>
  <testcase name="PersonalizeGift[1](1)" classname="com.mindtree.runner.GiftRunner" time="20.669">
    <system-out><![CDATA[11-22-2021 15:51:03 ExtentLogUtilities.java DEBUG [main] runner.GiftRunner 14 - Personalize Gift button is clicked in page Home page
11-22-2021 15:51:09 ExtentLogUtilities.java DEBUG [main] runner.GiftRunner 14 - result is clicked in page Personalize Gift page
11-22-2021 15:51:11 ExtentLogUtilities.java DEBUG [main] runner.GiftRunner 14 - Quantity Field is send in page Cart Page
11-22-2021 15:51:12 ExtentLogUtilities.java DEBUG [main] runner.GiftRunner 14 - name Field is send in page Cart Page
11-22-2021 15:51:12 ExtentLogUtilities.java DEBUG [main] runner.GiftRunner 14 - Add to cart is clicked in page Cart page
11-22-2021 15:51:18 ExtentLogUtilities.java DEBUG [main] runner.GiftRunner 14 - home button is clicked in page home page
11-22-2021 15:51:21 _Log4jLoggerFactory.java DEBUG [main] freemarker.cache 45 - Couldn't find template in cache for "Extent.ftl"("en_US", UTF-8, parsed); will try to load it.
11-22-2021 15:51:21 _Log4jLoggerFactory.java DEBUG [main] freemarker.cache 45 - TemplateLoader.findTemplateSource("Extent_en_US.ftl"): Not found
11-22-2021 15:51:21 _Log4jLoggerFactory.java DEBUG [main] freemarker.cache 45 - TemplateLoader.findTemplateSource("Extent_en.ftl"): Not found
11-22-2021 15:51:21 _Log4jLoggerFactory.java DEBUG [main] freemarker.cache 45 - TemplateLoader.findTemplateSource("Extent.ftl"): Found
11-22-2021 15:51:21 _Log4jLoggerFactory.java DEBUG [main] freemarker.cache 45 - Loading template for "Extent.ftl"("en_US", UTF-8, parsed) from "jar:file:/C:/Users/Misbah/.m2/repository/com/relevantcodes/extentreports/2.41.2/extentreports-2.41.2.jar!/com/relevantcodes/extentreports/view/Extent.ftl"
]]></system-out>
  </testcase>
  <testcase name="Secretsanta" classname="com.mindtree.runner.GiftRunner" time="15.001">
    <system-out><![CDATA[11-22-2021 15:51:24 ExtentLogUtilities.java DEBUG [main] runner.GiftRunner 14 - secretsanta button is clicked in page  Home page
11-22-2021 15:51:27 ExtentLogUtilities.java DEBUG [main] runner.GiftRunner 14 - tissue box  is clicked in page  secretsanta page
11-22-2021 15:51:27 ExtentLogUtilities.java DEBUG [main] runner.GiftRunner 14 -  cart button is send in page tissue page
11-22-2021 15:51:28 ExtentLogUtilities.java DEBUG [main] runner.GiftRunner 14 - cart button is clicked in page socks page
11-22-2021 15:51:31 ExtentLogUtilities.java DEBUG [main] runner.GiftRunner 14 - Close Button is clicked in page Cart Page
11-22-2021 15:51:33 ExtentLogUtilities.java DEBUG [main] runner.GiftRunner 14 - home button is clicked in page home page
11-22-2021 15:51:36 _Log4jLoggerFactory.java DEBUG [main] freemarker.cache 45 - Couldn't find template in cache for "Extent.ftl"("en_US", UTF-8, parsed); will try to load it.
11-22-2021 15:51:36 _Log4jLoggerFactory.java DEBUG [main] freemarker.cache 45 - TemplateLoader.findTemplateSource("Extent_en_US.ftl"): Not found
11-22-2021 15:51:36 _Log4jLoggerFactory.java DEBUG [main] freemarker.cache 45 - TemplateLoader.findTemplateSource("Extent_en.ftl"): Not found
11-22-2021 15:51:36 _Log4jLoggerFactory.java DEBUG [main] freemarker.cache 45 - TemplateLoader.findTemplateSource("Extent.ftl"): Found
11-22-2021 15:51:36 _Log4jLoggerFactory.java DEBUG [main] freemarker.cache 45 - Loading template for "Extent.ftl"("en_US", UTF-8, parsed) from "jar:file:/C:/Users/Misbah/.m2/repository/com/relevantcodes/extentreports/2.41.2/extentreports-2.41.2.jar!/com/relevantcodes/extentreports/view/Extent.ftl"
]]></system-out>
  </testcase>
  <testcase name="corpDetailSubmit[Misbah, dummy@gmail.com, 7207786956](1)" classname="com.mindtree.runner.GiftRunner" time="16.23">
    <system-out><![CDATA[11-22-2021 15:51:39 ExtentLogUtilities.java DEBUG [main] runner.GiftRunner 14 - Corporate Button is clicked in page Home Page
11-22-2021 15:51:41 ExtentLogUtilities.java DEBUG [main] runner.GiftRunner 14 - dummy@gmail.com is send in page Misbah
11-22-2021 15:51:41 ExtentLogUtilities.java DEBUG [main] runner.GiftRunner 14 - dummy@gmail.com is send in page Misbah
11-22-2021 15:51:42 ExtentLogUtilities.java DEBUG [main] runner.GiftRunner 14 - dummy@gmail.com is send in page Misbah
11-22-2021 15:51:42 ExtentLogUtilities.java DEBUG [main] runner.GiftRunner 14 - Submit Button is clicked in page Corporate Page
11-22-2021 15:51:47 ExtentLogUtilities.java DEBUG [main] runner.GiftRunner 14 - Bigsmall pic is clicked in page cart page
11-22-2021 15:51:52 _Log4jLoggerFactory.java DEBUG [main] freemarker.cache 45 - Couldn't find template in cache for "Extent.ftl"("en_US", UTF-8, parsed); will try to load it.
11-22-2021 15:51:52 _Log4jLoggerFactory.java DEBUG [main] freemarker.cache 45 - TemplateLoader.findTemplateSource("Extent_en_US.ftl"): Not found
11-22-2021 15:51:52 _Log4jLoggerFactory.java DEBUG [main] freemarker.cache 45 - TemplateLoader.findTemplateSource("Extent_en.ftl"): Not found
11-22-2021 15:51:52 _Log4jLoggerFactory.java DEBUG [main] freemarker.cache 45 - TemplateLoader.findTemplateSource("Extent.ftl"): Found
11-22-2021 15:51:52 _Log4jLoggerFactory.java DEBUG [main] freemarker.cache 45 - Loading template for "Extent.ftl"("en_US", UTF-8, parsed) from "jar:file:/C:/Users/Misbah/.m2/repository/com/relevantcodes/extentreports/2.41.2/extentreports-2.41.2.jar!/com/relevantcodes/extentreports/view/Extent.ftl"
]]></system-out>
  </testcase>
  <testcase name="Gifts[Gifts For Girls, 3, Magical Rainbow Rug](1)" classname="com.mindtree.runner.GiftRunner" time="25.606">
    <system-out><![CDATA[Gifts for Guys
Gifts For Girls
11-22-2021 15:51:55 ExtentLogUtilities.java DEBUG [main] runner.GiftRunner 14 - Gifts For Girls is clicked in page Home Page
11-22-2021 15:52:02 ExtentLogUtilities.java DEBUG [main] runner.GiftRunner 14 - Magical Rainbow Rug is clicked in page result page
11-22-2021 15:52:06 ExtentLogUtilities.java DEBUG [main] runner.GiftRunner 14 - quantity button  is send in page socks page
11-22-2021 15:52:07 ExtentLogUtilities.java DEBUG [main] runner.GiftRunner 14 - cart button is clicked in page socks page
11-22-2021 15:52:12 ExtentLogUtilities.java DEBUG [main] runner.GiftRunner 14 - Bigsmall pic is clicked in page cart page
11-22-2021 15:52:18 _Log4jLoggerFactory.java DEBUG [main] freemarker.cache 45 - Couldn't find template in cache for "Extent.ftl"("en_US", UTF-8, parsed); will try to load it.
11-22-2021 15:52:18 _Log4jLoggerFactory.java DEBUG [main] freemarker.cache 45 - TemplateLoader.findTemplateSource("Extent_en_US.ftl"): Not found
11-22-2021 15:52:18 _Log4jLoggerFactory.java DEBUG [main] freemarker.cache 45 - TemplateLoader.findTemplateSource("Extent_en.ftl"): Not found
11-22-2021 15:52:18 _Log4jLoggerFactory.java DEBUG [main] freemarker.cache 45 - TemplateLoader.findTemplateSource("Extent.ftl"): Found
11-22-2021 15:52:18 _Log4jLoggerFactory.java DEBUG [main] freemarker.cache 45 - Loading template for "Extent.ftl"("en_US", UTF-8, parsed) from "jar:file:/C:/Users/Misbah/.m2/repository/com/relevantcodes/extentreports/2.41.2/extentreports-2.41.2.jar!/com/relevantcodes/extentreports/view/Extent.ftl"
]]></system-out>
  </testcase>
  <testcase name="WhtsNewGift[3, Stainless Steel Bamboo Bottle](1)" classname="com.mindtree.runner.GiftRunner" time="14.166">
    <system-out><![CDATA[11-22-2021 15:52:20 ExtentLogUtilities.java DEBUG [main] runner.GiftRunner 14 - Personalize Gift button is clicked in page Home page
11-22-2021 15:52:23 ExtentLogUtilities.java DEBUG [main] runner.GiftRunner 14 - Stainless Steel Bamboo Bottle is clicked in page result page
11-22-2021 15:52:26 ExtentLogUtilities.java DEBUG [main] runner.GiftRunner 14 - Quantity Field is send in page Cart Page
11-22-2021 15:52:26 ExtentLogUtilities.java DEBUG [main] runner.GiftRunner 14 - Add to cart is clicked in page Cart page
11-22-2021 15:52:31 ExtentLogUtilities.java DEBUG [main] runner.GiftRunner 14 - Bigsmall pic is clicked in page cart
11-22-2021 15:52:32 _Log4jLoggerFactory.java DEBUG [main] freemarker.cache 45 - Couldn't find template in cache for "Extent.ftl"("en_US", UTF-8, parsed); will try to load it.
11-22-2021 15:52:32 _Log4jLoggerFactory.java DEBUG [main] freemarker.cache 45 - TemplateLoader.findTemplateSource("Extent_en_US.ftl"): Not found
11-22-2021 15:52:32 _Log4jLoggerFactory.java DEBUG [main] freemarker.cache 45 - TemplateLoader.findTemplateSource("Extent_en.ftl"): Not found
11-22-2021 15:52:32 _Log4jLoggerFactory.java DEBUG [main] freemarker.cache 45 - TemplateLoader.findTemplateSource("Extent.ftl"): Found
11-22-2021 15:52:32 _Log4jLoggerFactory.java DEBUG [main] freemarker.cache 45 - Loading template for "Extent.ftl"("en_US", UTF-8, parsed) from "jar:file:/C:/Users/Misbah/.m2/repository/com/relevantcodes/extentreports/2.41.2/extentreports-2.41.2.jar!/com/relevantcodes/extentreports/view/Extent.ftl"
]]></system-out>
  </testcase>
  <testcase name="Diwaligift[2, Handmade Fish Platter](1)" classname="com.mindtree.runner.GiftRunner" time="15.875">
    <system-out><![CDATA[11-22-2021 15:52:34 ExtentLogUtilities.java DEBUG [main] runner.GiftRunner 14 - diwali Gift button is clicked in page Home page
11-22-2021 15:52:38 ExtentLogUtilities.java DEBUG [main] runner.GiftRunner 14 - Handmade Fish Platter is clicked in page result page
11-22-2021 15:52:40 ExtentLogUtilities.java DEBUG [main] runner.GiftRunner 14 - Quantity Field is send in page Cart Page
11-22-2021 15:52:41 ExtentLogUtilities.java DEBUG [main] runner.GiftRunner 14 - Add to cart is clicked in page Cart page
11-22-2021 15:52:44 ExtentLogUtilities.java DEBUG [main] runner.GiftRunner 14 - Close Button is clicked in page Cart Page
11-22-2021 15:52:47 ExtentLogUtilities.java DEBUG [main] runner.GiftRunner 14 - Bigsmall pic is clicked in page cart
11-22-2021 15:52:48 _Log4jLoggerFactory.java DEBUG [main] freemarker.cache 45 - Couldn't find template in cache for "Extent.ftl"("en_US", UTF-8, parsed); will try to load it.
11-22-2021 15:52:48 _Log4jLoggerFactory.java DEBUG [main] freemarker.cache 45 - TemplateLoader.findTemplateSource("Extent_en_US.ftl"): Not found
11-22-2021 15:52:48 _Log4jLoggerFactory.java DEBUG [main] freemarker.cache 45 - TemplateLoader.findTemplateSource("Extent_en.ftl"): Not found
11-22-2021 15:52:48 _Log4jLoggerFactory.java DEBUG [main] freemarker.cache 45 - TemplateLoader.findTemplateSource("Extent.ftl"): Found
11-22-2021 15:52:48 _Log4jLoggerFactory.java DEBUG [main] freemarker.cache 45 - Loading template for "Extent.ftl"("en_US", UTF-8, parsed) from "jar:file:/C:/Users/Misbah/.m2/repository/com/relevantcodes/extentreports/2.41.2/extentreports-2.41.2.jar!/com/relevantcodes/extentreports/view/Extent.ftl"
]]></system-out>
  </testcase>
  <testcase name="NewYear[4, Vintage Coffee Grinder](1)" classname="com.mindtree.runner.GiftRunner" time="20.635">
    <system-out><![CDATA[11-22-2021 15:52:53 ExtentLogUtilities.java DEBUG [main] runner.GiftRunner 14 - newyear Gift button is clicked in page Home page
11-22-2021 15:52:58 ExtentLogUtilities.java DEBUG [main] runner.GiftRunner 14 - Vintage Coffee Grinder is clicked in page result page
11-22-2021 15:53:00 ExtentLogUtilities.java DEBUG [main] runner.GiftRunner 14 - Quantity Field is send in page Cart Page
11-22-2021 15:53:01 ExtentLogUtilities.java DEBUG [main] runner.GiftRunner 14 - Add to cart is clicked in page Cart page
11-22-2021 15:53:05 ExtentLogUtilities.java DEBUG [main] runner.GiftRunner 14 - Close Button is clicked in page Cart Page
11-22-2021 15:53:08 ExtentLogUtilities.java DEBUG [main] runner.GiftRunner 14 - Bigsmall pic is clicked in page cart
11-22-2021 15:53:08 _Log4jLoggerFactory.java DEBUG [main] freemarker.cache 45 - Couldn't find template in cache for "Extent.ftl"("en_US", UTF-8, parsed); will try to load it.
11-22-2021 15:53:08 _Log4jLoggerFactory.java DEBUG [main] freemarker.cache 45 - TemplateLoader.findTemplateSource("Extent_en_US.ftl"): Not found
11-22-2021 15:53:08 _Log4jLoggerFactory.java DEBUG [main] freemarker.cache 45 - TemplateLoader.findTemplateSource("Extent_en.ftl"): Not found
11-22-2021 15:53:08 _Log4jLoggerFactory.java DEBUG [main] freemarker.cache 45 - TemplateLoader.findTemplateSource("Extent.ftl"): Found
11-22-2021 15:53:08 _Log4jLoggerFactory.java DEBUG [main] freemarker.cache 45 - Loading template for "Extent.ftl"("en_US", UTF-8, parsed) from "jar:file:/C:/Users/Misbah/.m2/repository/com/relevantcodes/extentreports/2.41.2/extentreports-2.41.2.jar!/com/relevantcodes/extentreports/view/Extent.ftl"
]]></system-out>
  </testcase>
  <testcase name="Rakhi[2, Mask Bandhan Rakhi](1)" classname="com.mindtree.runner.GiftRunner" time="18.726">
    <system-out><![CDATA[11-22-2021 15:53:14 ExtentLogUtilities.java DEBUG [main] runner.GiftRunner 14 - rakhi button is clicked in page Home page
11-22-2021 15:53:17 ExtentLogUtilities.java DEBUG [main] runner.GiftRunner 14 - Mask Bandhan Rakhi is clicked in page result page
11-22-2021 15:53:20 ExtentLogUtilities.java DEBUG [main] runner.GiftRunner 14 - Quantity Field is send in page Cart Page
11-22-2021 15:53:20 ExtentLogUtilities.java DEBUG [main] runner.GiftRunner 14 - Add to cart is clicked in page Cart page
11-22-2021 15:53:24 ExtentLogUtilities.java DEBUG [main] runner.GiftRunner 14 - Close Button is clicked in page Cart Page
11-22-2021 15:53:27 ExtentLogUtilities.java DEBUG [main] runner.GiftRunner 14 - Bigsmall pic is clicked in page cart
11-22-2021 15:53:27 _Log4jLoggerFactory.java DEBUG [main] freemarker.cache 45 - Couldn't find template in cache for "Extent.ftl"("en_US", UTF-8, parsed); will try to load it.
11-22-2021 15:53:27 _Log4jLoggerFactory.java DEBUG [main] freemarker.cache 45 - TemplateLoader.findTemplateSource("Extent_en_US.ftl"): Not found
11-22-2021 15:53:27 _Log4jLoggerFactory.java DEBUG [main] freemarker.cache 45 - TemplateLoader.findTemplateSource("Extent_en.ftl"): Not found
11-22-2021 15:53:27 _Log4jLoggerFactory.java DEBUG [main] freemarker.cache 45 - TemplateLoader.findTemplateSource("Extent.ftl"): Found
11-22-2021 15:53:27 _Log4jLoggerFactory.java DEBUG [main] freemarker.cache 45 - Loading template for "Extent.ftl"("en_US", UTF-8, parsed) from "jar:file:/C:/Users/Misbah/.m2/repository/com/relevantcodes/extentreports/2.41.2/extentreports-2.41.2.jar!/com/relevantcodes/extentreports/view/Extent.ftl"
]]></system-out>
  </testcase>
  <testcase name="homestyle[Lamps, 5, Wooden LED Love Lamp](1)" classname="com.mindtree.runner.GiftRunner" time="25.103">
    <system-out><![CDATA[Home Decor
HouseWarming Gifts
Lamps
11-22-2021 15:53:30 ExtentLogUtilities.java DEBUG [main] runner.GiftRunner 14 - Lamps is clicked in page Home Page
11-22-2021 15:53:36 ExtentLogUtilities.java DEBUG [main] runner.GiftRunner 14 - Wooden LED Love Lamp is clicked in page result page
11-22-2021 15:53:40 ExtentLogUtilities.java DEBUG [main] runner.GiftRunner 14 - quantity button  is send in page socks page
11-22-2021 15:53:40 ExtentLogUtilities.java DEBUG [main] runner.GiftRunner 14 - cart button is clicked in page socks page
11-22-2021 15:53:44 ExtentLogUtilities.java DEBUG [main] runner.GiftRunner 14 - Close Button is clicked in page Cart Page
11-22-2021 15:53:47 ExtentLogUtilities.java DEBUG [main] runner.GiftRunner 14 - Bigsmall pic is clicked in page cart page
11-22-2021 15:53:52 _Log4jLoggerFactory.java DEBUG [main] freemarker.cache 45 - Couldn't find template in cache for "Extent.ftl"("en_US", UTF-8, parsed); will try to load it.
11-22-2021 15:53:52 _Log4jLoggerFactory.java DEBUG [main] freemarker.cache 45 - TemplateLoader.findTemplateSource("Extent_en_US.ftl"): Not found
11-22-2021 15:53:52 _Log4jLoggerFactory.java DEBUG [main] freemarker.cache 45 - TemplateLoader.findTemplateSource("Extent_en.ftl"): Not found
11-22-2021 15:53:52 _Log4jLoggerFactory.java DEBUG [main] freemarker.cache 45 - TemplateLoader.findTemplateSource("Extent.ftl"): Found
11-22-2021 15:53:52 _Log4jLoggerFactory.java DEBUG [main] freemarker.cache 45 - Loading template for "Extent.ftl"("en_US", UTF-8, parsed) from "jar:file:/C:/Users/Misbah/.m2/repository/com/relevantcodes/extentreports/2.41.2/extentreports-2.41.2.jar!/com/relevantcodes/extentreports/view/Extent.ftl"
]]></system-out>
  </testcase>
</testsuite>