<?xml version="1.0" encoding="UTF-8"?>
<testng-results ignored="0" total="11" passed="11" failed="0" skipped="0">
  <reporter-output>
  </reporter-output>
  <suite started-at="2021-11-22T15:41:13 IST" name="Default suite" finished-at="2021-11-22T15:44:32 IST" duration-ms="198951">
    <groups>
    </groups>
    <test started-at="2021-11-22T15:41:13 IST" name="Default test" finished-at="2021-11-22T15:44:32 IST" duration-ms="198951">
      <class name="com.mindtree.runner.GiftRunner">
        <test-method is-config="true" signature="initializeDriver()[pri:0, instance:com.mindtree.runner.GiftRunner@57ea113a]" started-at="2021-11-22T15:41:13 IST" name="initializeDriver" finished-at="2021-11-22T15:41:19 IST" duration-ms="5808" status="PASS">
          <reporter-output>
          </reporter-output>
        </test-method> <!-- initializeDriver -->
        <test-method signature="validateTitle(java.lang.String)[pri:1, instance:com.mindtree.runner.GiftRunner@57ea113a]" started-at="2021-11-22T15:41:19 IST" name="validateTitle" data-provider="getTitle" finished-at="2021-11-22T15:41:19 IST" duration-ms="379" status="PASS">
          <params>
            <param index="0">
              <value>
                <![CDATA[Gifts Online - Send Unique, Unusual Gifts in India, Buy Gifts– Bigsmall.in]]>
              </value>
            </param>
          </params>
          <reporter-output>
          </reporter-output>
        </test-method> <!-- validateTitle -->
        <test-method signature="LogIn(java.lang.String, java.lang.String)[pri:2, instance:com.mindtree.runner.GiftRunner@57ea113a]" started-at="2021-11-22T15:41:19 IST" name="LogIn" data-provider="getData" finished-at="2021-11-22T15:41:33 IST" duration-ms="13557" status="PASS">
          <params>
            <param index="0">
              <value>
                <![CDATA[motog05052000@gmail.com]]>
              </value>
            </param>
            <param index="1">
              <value>
                <![CDATA[123456789]]>
              </value>
            </param>
          </params>
          <reporter-output>
          </reporter-output>
        </test-method> <!-- LogIn -->
        <test-method signature="PersonalizeGift(java.lang.String)[pri:3, instance:com.mindtree.runner.GiftRunner@57ea113a]" started-at="2021-11-22T15:41:33 IST" name="PersonalizeGift" data-provider="getPerData" finished-at="2021-11-22T15:41:53 IST" duration-ms="20120" status="PASS">
          <params>
            <param index="0">
              <value>
                <![CDATA[1]]>
              </value>
            </param>
          </params>
          <reporter-output>
          </reporter-output>
        </test-method> <!-- PersonalizeGift -->
        <test-method signature="Secretsanta()[pri:6, instance:com.mindtree.runner.GiftRunner@57ea113a]" started-at="2021-11-22T15:41:53 IST" name="Secretsanta" finished-at="2021-11-22T15:42:07 IST" duration-ms="14747" status="PASS">
          <reporter-output>
          </reporter-output>
        </test-method> <!-- Secretsanta -->
        <test-method signature="corpDetailSubmit(java.lang.String, java.lang.String, java.lang.String)[pri:7, instance:com.mindtree.runner.GiftRunner@57ea113a]" started-at="2021-11-22T15:42:07 IST" name="corpDetailSubmit" data-provider="getCorpData" finished-at="2021-11-22T15:42:25 IST" duration-ms="17228" status="PASS">
          <params>
            <param index="0">
              <value>
                <![CDATA[Misbah]]>
              </value>
            </param>
            <param index="1">
              <value>
                <![CDATA[dummy@gmail.com]]>
              </value>
            </param>
            <param index="2">
              <value>
                <![CDATA[7207786956]]>
              </value>
            </param>
          </params>
          <reporter-output>
          </reporter-output>
        </test-method> <!-- corpDetailSubmit -->
        <test-method signature="Gifts(java.lang.String, java.lang.String, java.lang.String)[pri:8, instance:com.mindtree.runner.GiftRunner@57ea113a]" started-at="2021-11-22T15:42:25 IST" name="Gifts" data-provider="getGiftData" finished-at="2021-11-22T15:42:50 IST" duration-ms="25617" status="PASS">
          <params>
            <param index="0">
              <value>
                <![CDATA[Gifts For Girls]]>
              </value>
            </param>
            <param index="1">
              <value>
                <![CDATA[3]]>
              </value>
            </param>
            <param index="2">
              <value>
                <![CDATA[Magical Rainbow Rug]]>
              </value>
            </param>
          </params>
          <reporter-output>
          </reporter-output>
        </test-method> <!-- Gifts -->
        <test-method signature="WhtsNewGift(java.lang.String, java.lang.String)[pri:9, instance:com.mindtree.runner.GiftRunner@57ea113a]" started-at="2021-11-22T15:42:50 IST" name="WhtsNewGift" data-provider="getWhtData" finished-at="2021-11-22T15:43:04 IST" duration-ms="14004" status="PASS">
          <params>
            <param index="0">
              <value>
                <![CDATA[3]]>
              </value>
            </param>
            <param index="1">
              <value>
                <![CDATA[Stainless Steel Bamboo Bottle]]>
              </value>
            </param>
          </params>
          <reporter-output>
          </reporter-output>
        </test-method> <!-- WhtsNewGift -->
        <test-method signature="Diwaligift(java.lang.String, java.lang.String)[pri:10, instance:com.mindtree.runner.GiftRunner@57ea113a]" started-at="2021-11-22T15:43:04 IST" name="Diwaligift" data-provider="getdiwaliData" finished-at="2021-11-22T15:43:22 IST" duration-ms="17428" status="PASS">
          <params>
            <param index="0">
              <value>
                <![CDATA[2]]>
              </value>
            </param>
            <param index="1">
              <value>
                <![CDATA[Handmade Fish Platter]]>
              </value>
            </param>
          </params>
          <reporter-output>
          </reporter-output>
        </test-method> <!-- Diwaligift -->
        <test-method signature="NewYear(java.lang.String, java.lang.String)[pri:11, instance:com.mindtree.runner.GiftRunner@57ea113a]" started-at="2021-11-22T15:43:22 IST" name="NewYear" data-provider="getnewyearData" finished-at="2021-11-22T15:43:42 IST" duration-ms="20551" status="PASS">
          <params>
            <param index="0">
              <value>
                <![CDATA[4]]>
              </value>
            </param>
            <param index="1">
              <value>
                <![CDATA[Vintage Coffee Grinder]]>
              </value>
            </param>
          </params>
          <reporter-output>
          </reporter-output>
        </test-method> <!-- NewYear -->
        <test-method signature="Rakhi(java.lang.String, java.lang.String)[pri:12, instance:com.mindtree.runner.GiftRunner@57ea113a]" started-at="2021-11-22T15:43:42 IST" name="Rakhi" data-provider="getrakhiData" finished-at="2021-11-22T15:44:02 IST" duration-ms="19760" status="PASS">
          <params>
            <param index="0">
              <value>
                <![CDATA[2]]>
              </value>
            </param>
            <param index="1">
              <value>
                <![CDATA[Mask Bandhan Rakhi]]>
              </value>
            </param>
          </params>
          <reporter-output>
          </reporter-output>
        </test-method> <!-- Rakhi -->
        <test-method signature="homestyle(java.lang.String, java.lang.String, java.lang.String)[pri:13, instance:com.mindtree.runner.GiftRunner@57ea113a]" started-at="2021-11-22T15:44:02 IST" name="homestyle" data-provider="getHomelifestyleData" finished-at="2021-11-22T15:44:28 IST" duration-ms="25455" status="PASS">
          <params>
            <param index="0">
              <value>
                <![CDATA[Lamps]]>
              </value>
            </param>
            <param index="1">
              <value>
                <![CDATA[5]]>
              </value>
            </param>
            <param index="2">
              <value>
                <![CDATA[Wooden LED Love Lamp]]>
              </value>
            </param>
          </params>
          <reporter-output>
          </reporter-output>
        </test-method> <!-- homestyle -->
        <test-method is-config="true" signature="close()[pri:0, instance:com.mindtree.runner.GiftRunner@57ea113a]" started-at="2021-11-22T15:44:28 IST" name="close" finished-at="2021-11-22T15:44:32 IST" duration-ms="4178" status="PASS">
          <reporter-output>
          </reporter-output>
        </test-method> <!-- close -->
      </class> <!-- com.mindtree.runner.GiftRunner -->
    </test> <!-- Default test -->
  </suite> <!-- Default suite -->
</testng-results>
